F:\PROGRAMMING_PP_PROGRAMS\1415_SEM1\1415_S1_QC4\1415_S1_QC4\DEBUG\1415_S1_QC4.EXE.EMBED.MANIFEST
F:\PROGRAMMING_PP_PROGRAMS\1415_SEM1\1415_S1_QC4\1415_S1_QC4\DEBUG\1415_S1_QC4.EXE.EMBED.MANIFEST.RES
F:\PROGRAMMING_PP_PROGRAMS\1415_SEM1\1415_S1_QC4\1415_S1_QC4\DEBUG\1415_S1_QC4.EXE.INTERMEDIATE.MANIFEST
F:\programming_pp_programs\1415_sem1\1415_S1_QC4\1415_S1_QC4\Debug\1415_S1_QC4.write.1.tlog
F:\programming_pp_programs\1415_sem1\1415_S1_QC4\1415_S1_QC4\Debug\1415_S1_QC4_manifest.rc
F:\programming_pp_programs\1415_sem1\1415_S1_QC4\1415_S1_QC4\Debug\cl.command.1.tlog
F:\programming_pp_programs\1415_sem1\1415_S1_QC4\1415_S1_QC4\Debug\CL.read.1.tlog
F:\programming_pp_programs\1415_sem1\1415_S1_QC4\1415_S1_QC4\Debug\CL.write.1.tlog
F:\programming_pp_programs\1415_sem1\1415_S1_QC4\1415_S1_QC4\Debug\link.4388.read.1.tlog
F:\programming_pp_programs\1415_sem1\1415_S1_QC4\1415_S1_QC4\Debug\link.4388.write.1.tlog
F:\programming_pp_programs\1415_sem1\1415_S1_QC4\1415_S1_QC4\Debug\link.4388-cvtres.read.1.tlog
F:\programming_pp_programs\1415_sem1\1415_S1_QC4\1415_S1_QC4\Debug\link.4388-cvtres.write.1.tlog
F:\programming_pp_programs\1415_sem1\1415_S1_QC4\1415_S1_QC4\Debug\link.command.1.tlog
F:\programming_pp_programs\1415_sem1\1415_S1_QC4\1415_S1_QC4\Debug\link.read.1.tlog
F:\programming_pp_programs\1415_sem1\1415_S1_QC4\1415_S1_QC4\Debug\link.write.1.tlog
F:\programming_pp_programs\1415_sem1\1415_S1_QC4\1415_S1_QC4\Debug\link-cvtres.read.1.tlog
F:\programming_pp_programs\1415_sem1\1415_S1_QC4\1415_S1_QC4\Debug\link-cvtres.write.1.tlog
F:\programming_pp_programs\1415_sem1\1415_S1_QC4\1415_S1_QC4\Debug\mt.command.1.tlog
F:\programming_pp_programs\1415_sem1\1415_S1_QC4\1415_S1_QC4\Debug\mt.read.1.tlog
F:\programming_pp_programs\1415_sem1\1415_S1_QC4\1415_S1_QC4\Debug\mt.write.1.tlog
F:\programming_pp_programs\1415_sem1\1415_S1_QC4\1415_S1_QC4\Debug\rc.command.1.tlog
F:\programming_pp_programs\1415_sem1\1415_S1_QC4\1415_S1_QC4\Debug\rc.read.1.tlog
F:\programming_pp_programs\1415_sem1\1415_S1_QC4\1415_S1_QC4\Debug\rc.write.1.tlog
F:\PROGRAMMING_PP_PROGRAMS\1415_SEM1\1415_S1_QC4\1415_S1_QC4\DEBUG\SOURCE.OBJ
F:\programming_pp_programs\1415_sem1\1415_S1_QC4\1415_S1_QC4\Debug\vc100.idb
F:\PROGRAMMING_PP_PROGRAMS\1415_SEM1\1415_S1_QC4\1415_S1_QC4\DEBUG\VC100.PDB
F:\PROGRAMMING_PP_PROGRAMS\1415_SEM1\1415_S1_QC4\DEBUG\1415_S1_QC4.EXE
F:\PROGRAMMING_PP_PROGRAMS\1415_SEM1\1415_S1_QC4\DEBUG\1415_S1_QC4.ILK
F:\PROGRAMMING_PP_PROGRAMS\1415_SEM1\1415_S1_QC4\DEBUG\1415_S1_QC4.PDB
