Build started 11/5/2017 21:26:30.
     1>Project "F:\programming_pp_programs\1415_sem2\1415_S2_QC4\1415_S2_QC4\1415_S2_QC4.vcxproj" on node 2 (build target(s)).
     1>InitializeBuildStatus:
         Touching "Debug\1415_S2_QC4.unsuccessfulbuild".
       ClCompile:
         f:\Microsoft Visual Studio 10.0\VC\bin\CL.exe /c /ZI /nologo /W3 /WX- /Od /Oy- /D WIN32 /D _DEBUG /D _CONSOLE /D _UNICODE /D UNICODE /Gm /EHsc /RTC1 /MDd /GS /fp:precise /Zc:wchar_t /Zc:forScope /Fo"Debug\\" /Fd"Debug\vc100.pdb" /Gd /TP /analyze- /errorReport:prompt source.cpp
         source.cpp
     1>f:\programming_pp_programs\1415_sem2\1415_s2_qc4\1415_s2_qc4\source.cpp(22): warning C4715: 'Stack::pop' : not all control paths return a value
       ManifestResourceCompile:
         All outputs are up-to-date.
       Link:
         f:\Microsoft Visual Studio 10.0\VC\bin\link.exe /ERRORREPORT:PROMPT /OUT:"F:\programming_pp_programs\1415_sem2\1415_S2_QC4\Debug\1415_S2_QC4.exe" /INCREMENTAL /NOLOGO kernel32.lib user32.lib gdi32.lib winspool.lib comdlg32.lib advapi32.lib shell32.lib ole32.lib oleaut32.lib uuid.lib odbc32.lib odbccp32.lib /MANIFEST /ManifestFile:"Debug\1415_S2_QC4.exe.intermediate.manifest" /MANIFESTUAC:"level='asInvoker' uiAccess='false'" /DEBUG /PDB:"F:\programming_pp_programs\1415_sem2\1415_S2_QC4\Debug\1415_S2_QC4.pdb" /SUBSYSTEM:CONSOLE /TLBID:1 /DYNAMICBASE /NXCOMPAT /IMPLIB:"F:\programming_pp_programs\1415_sem2\1415_S2_QC4\Debug\1415_S2_QC4.lib" /MACHINE:X86 Debug\1415_S2_QC4.exe.embed.manifest.res
         Debug\source.obj
       Manifest:
         C:\Program Files (x86)\Microsoft SDKs\Windows\v7.0A\bin\mt.exe /nologo /verbose /out:"Debug\1415_S2_QC4.exe.embed.manifest" /manifest Debug\1415_S2_QC4.exe.intermediate.manifest
         All outputs are up-to-date.
       LinkEmbedManifest:
         All outputs are up-to-date.
         1415_S2_QC4.vcxproj -> F:\programming_pp_programs\1415_sem2\1415_S2_QC4\Debug\1415_S2_QC4.exe
       FinalizeBuildStatus:
         Deleting file "Debug\1415_S2_QC4.unsuccessfulbuild".
         Touching "Debug\1415_S2_QC4.lastbuildstate".
     1>Done Building Project "F:\programming_pp_programs\1415_sem2\1415_S2_QC4\1415_S2_QC4\1415_S2_QC4.vcxproj" (build target(s)).

Build succeeded.

Time Elapsed 00:00:00.63
