Build started 12/5/2017 13:31:14.
     1>Project "F:\programming_pp_programs\1314_sem2\1314_S2_QC5\1314_S2_QC5\1314_S2_QC5.vcxproj" on node 2 (build target(s)).
     1>PrepareForBuild:
         Creating directory "F:\programming_pp_programs\1314_sem2\1314_S2_QC5\Debug\".
       InitializeBuildStatus:
         Creating "Debug\1314_S2_QC5.unsuccessfulbuild" because "AlwaysCreate" was specified.
       ClCompile:
         f:\Microsoft Visual Studio 10.0\VC\bin\CL.exe /c /ZI /nologo /W3 /WX- /Od /Oy- /D WIN32 /D _DEBUG /D _CONSOLE /D _UNICODE /D UNICODE /Gm /EHsc /RTC1 /MDd /GS /fp:precise /Zc:wchar_t /Zc:forScope /Fo"Debug\\" /Fd"Debug\vc100.pdb" /Gd /TP /analyze- /errorReport:prompt source.cpp
         source.cpp
       ManifestResourceCompile:
         C:\Program Files (x86)\Microsoft SDKs\Windows\v7.0A\bin\rc.exe /nologo /fo"Debug\1314_S2_QC5.exe.embed.manifest.res" Debug\1314_S2_QC5_manifest.rc 
       Link:
         f:\Microsoft Visual Studio 10.0\VC\bin\link.exe /ERRORREPORT:PROMPT /OUT:"F:\programming_pp_programs\1314_sem2\1314_S2_QC5\Debug\1314_S2_QC5.exe" /INCREMENTAL /NOLOGO kernel32.lib user32.lib gdi32.lib winspool.lib comdlg32.lib advapi32.lib shell32.lib ole32.lib oleaut32.lib uuid.lib odbc32.lib odbccp32.lib /MANIFEST /ManifestFile:"Debug\1314_S2_QC5.exe.intermediate.manifest" /MANIFESTUAC:"level='asInvoker' uiAccess='false'" /DEBUG /PDB:"F:\programming_pp_programs\1314_sem2\1314_S2_QC5\Debug\1314_S2_QC5.pdb" /SUBSYSTEM:CONSOLE /TLBID:1 /DYNAMICBASE /NXCOMPAT /IMPLIB:"F:\programming_pp_programs\1314_sem2\1314_S2_QC5\Debug\1314_S2_QC5.lib" /MACHINE:X86 Debug\1314_S2_QC5.exe.embed.manifest.res
         Debug\source.obj
       Manifest:
         C:\Program Files (x86)\Microsoft SDKs\Windows\v7.0A\bin\mt.exe /nologo /verbose /out:"Debug\1314_S2_QC5.exe.embed.manifest" /manifest Debug\1314_S2_QC5.exe.intermediate.manifest
         C:\Program Files (x86)\Microsoft SDKs\Windows\v7.0A\bin\rc.exe /nologo /fo"Debug\1314_S2_QC5.exe.embed.manifest.res" Debug\1314_S2_QC5_manifest.rc 
       LinkEmbedManifest:
         f:\Microsoft Visual Studio 10.0\VC\bin\link.exe /ERRORREPORT:PROMPT /OUT:"F:\programming_pp_programs\1314_sem2\1314_S2_QC5\Debug\1314_S2_QC5.exe" /INCREMENTAL /NOLOGO kernel32.lib user32.lib gdi32.lib winspool.lib comdlg32.lib advapi32.lib shell32.lib ole32.lib oleaut32.lib uuid.lib odbc32.lib odbccp32.lib /MANIFEST /ManifestFile:"Debug\1314_S2_QC5.exe.intermediate.manifest" /MANIFESTUAC:"level='asInvoker' uiAccess='false'" /DEBUG /PDB:"F:\programming_pp_programs\1314_sem2\1314_S2_QC5\Debug\1314_S2_QC5.pdb" /SUBSYSTEM:CONSOLE /TLBID:1 /DYNAMICBASE /NXCOMPAT /IMPLIB:"F:\programming_pp_programs\1314_sem2\1314_S2_QC5\Debug\1314_S2_QC5.lib" /MACHINE:X86 Debug\1314_S2_QC5.exe.embed.manifest.res
         Debug\source.obj
         1314_S2_QC5.vcxproj -> F:\programming_pp_programs\1314_sem2\1314_S2_QC5\Debug\1314_S2_QC5.exe
       FinalizeBuildStatus:
         Deleting file "Debug\1314_S2_QC5.unsuccessfulbuild".
         Touching "Debug\1314_S2_QC5.lastbuildstate".
     1>Done Building Project "F:\programming_pp_programs\1314_sem2\1314_S2_QC5\1314_S2_QC5\1314_S2_QC5.vcxproj" (build target(s)).

Build succeeded.

Time Elapsed 00:00:00.80
