Build started 11/5/2017 23:20:34.
     1>Project "F:\programming_pp_programs\1415_sem1\1415_S1_QC1\1415_S1_QC1\1415_S1_QC1.vcxproj" on node 2 (build target(s)).
     1>InitializeBuildStatus:
         Creating "Debug\1415_S1_QC1.unsuccessfulbuild" because "AlwaysCreate" was specified.
       ClCompile:
         f:\Microsoft Visual Studio 10.0\VC\bin\CL.exe /c /ZI /nologo /W3 /WX- /Od /Oy- /D WIN32 /D _DEBUG /D _CONSOLE /D _UNICODE /D UNICODE /Gm /EHsc /RTC1 /MDd /GS /fp:precise /Zc:wchar_t /Zc:forScope /Fo"Debug\\" /Fd"Debug\vc100.pdb" /Gd /TP /analyze- /errorReport:prompt source.cpp
         source.cpp
     1>f:\programming_pp_programs\1415_sem1\1415_s1_qc1\1415_s1_qc1\source.cpp(38): warning C4996: 'strcpy': This function or variable may be unsafe. Consider using strcpy_s instead. To disable deprecation, use _CRT_SECURE_NO_WARNINGS. See online help for details.
                 f:\microsoft visual studio 10.0\vc\include\string.h(105) : see declaration of 'strcpy'
     1>f:\programming_pp_programs\1415_sem1\1415_s1_qc1\1415_s1_qc1\source.cpp(39): warning C4996: 'strcat': This function or variable may be unsafe. Consider using strcat_s instead. To disable deprecation, use _CRT_SECURE_NO_WARNINGS. See online help for details.
                 f:\microsoft visual studio 10.0\vc\include\string.h(110) : see declaration of 'strcat'
       ManifestResourceCompile:
         All outputs are up-to-date.
       Link:
         f:\Microsoft Visual Studio 10.0\VC\bin\link.exe /ERRORREPORT:PROMPT /OUT:"F:\programming_pp_programs\1415_sem1\1415_S1_QC1\Debug\1415_S1_QC1.exe" /INCREMENTAL /NOLOGO kernel32.lib user32.lib gdi32.lib winspool.lib comdlg32.lib advapi32.lib shell32.lib ole32.lib oleaut32.lib uuid.lib odbc32.lib odbccp32.lib /MANIFEST /ManifestFile:"Debug\1415_S1_QC1.exe.intermediate.manifest" /MANIFESTUAC:"level='asInvoker' uiAccess='false'" /DEBUG /PDB:"F:\programming_pp_programs\1415_sem1\1415_S1_QC1\Debug\1415_S1_QC1.pdb" /SUBSYSTEM:CONSOLE /TLBID:1 /DYNAMICBASE /NXCOMPAT /IMPLIB:"F:\programming_pp_programs\1415_sem1\1415_S1_QC1\Debug\1415_S1_QC1.lib" /MACHINE:X86 Debug\1415_S1_QC1.exe.embed.manifest.res
         Debug\source.obj
       Manifest:
         C:\Program Files (x86)\Microsoft SDKs\Windows\v7.0A\bin\mt.exe /nologo /verbose /out:"Debug\1415_S1_QC1.exe.embed.manifest" /manifest Debug\1415_S1_QC1.exe.intermediate.manifest
         All outputs are up-to-date.
       LinkEmbedManifest:
         All outputs are up-to-date.
         1415_S1_QC1.vcxproj -> F:\programming_pp_programs\1415_sem1\1415_S1_QC1\Debug\1415_S1_QC1.exe
       FinalizeBuildStatus:
         Deleting file "Debug\1415_S1_QC1.unsuccessfulbuild".
         Touching "Debug\1415_S1_QC1.lastbuildstate".
     1>Done Building Project "F:\programming_pp_programs\1415_sem1\1415_S1_QC1\1415_S1_QC1\1415_S1_QC1.vcxproj" (build target(s)).

Build succeeded.

Time Elapsed 00:00:00.78
